This file contains any messages produced by compilers while
running configure, to aid debugging if configure makes a mistake.

It was created by YAD configure 0.40.0, which was
generated by GNU Autoconf 2.71.  Invocation command line was

  $ ./configure --with-gtk=gtk2

## --------- ##
## Platform. ##
## --------- ##

hostname = simswap
uname -m = i686
uname -r = 6.1.0-10-686
uname -s = Linux
uname -v = #1 SMP PREEMPT_DYNAMIC Debian 6.1.38-1 (2023-07-14)

/usr/bin/uname -p = unknown
/bin/uname -X     = unknown

/bin/arch              = unknown
/usr/bin/arch -k       = unknown
/usr/convex/getsysinfo = unknown
/usr/bin/hostinfo      = unknown
/bin/machine           = unknown
/usr/bin/oslevel       = unknown
/bin/universe          = unknown

PATH: /usr/local/bin/
PATH: /usr/bin/
PATH: /bin/
PATH: /usr/local/games/
PATH: /usr/games/


## ----------- ##
## Core tests. ##
## ----------- ##

configure:2413: looking for aux files: compile missing install-sh
configure:2426:  trying ./build/
configure:2455:   ./build/compile found
configure:2455:   ./build/missing found
configure:2437:   ./build/install-sh found
configure:2586: checking for a BSD-compatible install
configure:2659: result: /usr/bin/install -c
configure:2670: checking whether build environment is sane
configure:2725: result: yes
configure:2884: checking for a race-free mkdir -p
configure:2928: result: /bin/mkdir -p
configure:2935: checking for gawk
configure:2956: found /usr/bin/gawk
configure:2967: result: gawk
configure:2978: checking whether make sets $(MAKE)
configure:3001: result: yes
configure:3031: checking whether make supports nested variables
configure:3049: result: yes
configure:3197: checking whether make supports nested variables
configure:3215: result: yes
configure:3234: checking whether to enable maintainer-specific portions of Makefiles
configure:3244: result: no
configure:3259: checking whether NLS is requested
configure:3269: result: yes
configure:3287: checking for intltool >= 0.40.0
configure:3289: result: 0.51.0 found
configure:3297: checking for intltool-update
configure:3320: found /usr/bin/intltool-update
configure:3332: result: /usr/bin/intltool-update
configure:3342: checking for intltool-merge
configure:3365: found /usr/bin/intltool-merge
configure:3377: result: /usr/bin/intltool-merge
configure:3387: checking for intltool-extract
configure:3410: found /usr/bin/intltool-extract
configure:3422: result: /usr/bin/intltool-extract
configure:3576: checking for xgettext
configure:3599: found /usr/bin/xgettext
configure:3611: result: /usr/bin/xgettext
configure:3621: checking for msgmerge
configure:3644: found /usr/bin/msgmerge
configure:3656: result: /usr/bin/msgmerge
configure:3666: checking for msgfmt
configure:3689: found /usr/bin/msgfmt
configure:3701: result: /usr/bin/msgfmt
configure:3711: checking for gmsgfmt
configure:3747: result: /usr/bin/msgfmt
configure:3767: checking for perl
configure:3790: found /usr/bin/perl
configure:3802: result: /usr/bin/perl
configure:3813: checking for perl >= 5.8.1
configure:3820: result: 5.36.0
configure:3824: checking for XML::Parser
configure:3827: result: ok
configure:3903: checking for gcc
configure:3924: found /usr/bin/gcc
configure:3935: result: gcc
configure:4288: checking for C compiler version
configure:4297: gcc --version >&5
gcc (Debian 12.2.0-14+deb12u1) 12.2.0
Copyright (C) 2022 Free Software Foundation, Inc.
This is free software; see the source for copying conditions.  There is NO
warranty; not even for MERCHANTABILITY or FITNESS FOR A PARTICULAR PURPOSE.

configure:4308: $? = 0
configure:4297: gcc -v >&5
Using built-in specs.
COLLECT_GCC=gcc
COLLECT_LTO_WRAPPER=/usr/lib/gcc/i686-linux-gnu/12/lto-wrapper
Target: i686-linux-gnu
Configured with: ../src/configure -v --with-pkgversion='Debian 12.2.0-14+deb12u1' --with-bugurl=file:///usr/share/doc/gcc-12/README.Bugs --enable-languages=c,ada,c++,go,d,fortran,objc,obj-c++,m2 --prefix=/usr --with-gcc-major-version-only --program-suffix=-12 --program-prefix=i686-linux-gnu- --enable-shared --enable-linker-build-id --libexecdir=/usr/lib --without-included-gettext --enable-threads=posix --libdir=/usr/lib --enable-nls --enable-clocale=gnu --enable-libstdcxx-debug --enable-libstdcxx-time=yes --with-default-libstdcxx-abi=new --enable-gnu-unique-object --disable-vtable-verify --enable-plugin --enable-default-pie --with-system-zlib --enable-libphobos-checking=release --with-target-system-zlib=auto --enable-objc-gc=auto --enable-targets=all --enable-multiarch --disable-werror --with-arch-32=i686 --with-multilib-list=m32,m64,mx32 --enable-multilib --with-tune=generic --enable-checking=release --build=i686-linux-gnu --host=i686-linux-gnu --target=i686-linux-gnu
Thread model: posix
Supported LTO compression algorithms: zlib zstd
gcc version 12.2.0 (Debian 12.2.0-14+deb12u1) 
configure:4308: $? = 0
configure:4297: gcc -V >&5
gcc: error: unrecognized command-line option '-V'
gcc: fatal error: no input files
compilation terminated.
configure:4308: $? = 1
configure:4297: gcc -qversion >&5
gcc: error: unrecognized command-line option '-qversion'; did you mean '--version'?
gcc: fatal error: no input files
compilation terminated.
configure:4308: $? = 1
configure:4297: gcc -version >&5
gcc: error: unrecognized command-line option '-version'
gcc: fatal error: no input files
compilation terminated.
configure:4308: $? = 1
configure:4328: checking whether the C compiler works
configure:4350: gcc    conftest.c  >&5
configure:4354: $? = 0
configure:4404: result: yes
configure:4407: checking for C compiler default output file name
configure:4409: result: a.out
configure:4415: checking for suffix of executables
configure:4422: gcc -o conftest    conftest.c  >&5
configure:4426: $? = 0
configure:4449: result: 
configure:4471: checking whether we are cross compiling
configure:4479: gcc -o conftest    conftest.c  >&5
configure:4483: $? = 0
configure:4490: ./conftest
configure:4494: $? = 0
configure:4509: result: no
configure:4514: checking for suffix of object files
configure:4537: gcc -c   conftest.c >&5
configure:4541: $? = 0
configure:4563: result: o
configure:4567: checking whether the compiler supports GNU C
configure:4587: gcc -c   conftest.c >&5
configure:4587: $? = 0
configure:4597: result: yes
configure:4608: checking whether gcc accepts -g
configure:4629: gcc -c -g  conftest.c >&5
configure:4629: $? = 0
configure:4673: result: yes
configure:4693: checking for gcc option to enable C11 features
configure:4708: gcc  -c -g -O2  conftest.c >&5
configure:4708: $? = 0
configure:4726: result: none needed
configure:4842: checking whether gcc understands -c and -o together
configure:4865: gcc -c conftest.c -o conftest2.o
configure:4868: $? = 0
configure:4865: gcc -c conftest.c -o conftest2.o
configure:4868: $? = 0
configure:4880: result: yes
configure:4900: checking whether make supports the include directive
configure:4915: make -f confmf.GNU && cat confinc.out
this is the am__doit target
configure:4918: $? = 0
configure:4937: result: yes (GNU style)
configure:4963: checking dependency style of gcc
configure:5075: result: gcc3
configure:5181: checking for pkg-config
configure:5204: found /usr/bin/pkg-config
configure:5216: result: /usr/bin/pkg-config
configure:5241: checking pkg-config is at least version 0.9.0
configure:5244: result: yes
configure:5254: checking for gtk+-2.0 >= 2.16.0 gtk+-unix-print-2.0
configure:5261: $PKG_CONFIG --exists --print-errors "$GTK_MODULE >= $GTK_REQUIRED $GTK_PRINT"
configure:5264: $? = 0
configure:5278: $PKG_CONFIG --exists --print-errors "$GTK_MODULE >= $GTK_REQUIRED $GTK_PRINT"
configure:5281: $? = 0
configure:5339: result: yes
configure:5391: checking for webkit-1.0
configure:5398: $PKG_CONFIG --exists --print-errors "$WEBKIT"
Package webkit-1.0 was not found in the pkg-config search path.
Perhaps you should add the directory containing `webkit-1.0.pc'
to the PKG_CONFIG_PATH environment variable
Package 'webkit-1.0', required by 'virtual:world', not found
configure:5401: $? = 1
configure:5415: $PKG_CONFIG --exists --print-errors "$WEBKIT"
Package webkit-1.0 was not found in the pkg-config search path.
Perhaps you should add the directory containing `webkit-1.0.pc'
to the PKG_CONFIG_PATH environment variable
Package 'webkit-1.0', required by 'virtual:world', not found
configure:5418: $? = 1
configure:5432: result: no
Package 'webkit-1.0', required by 'virtual:world', not found
configure:5491: checking for gio-2.0
configure:5498: $PKG_CONFIG --exists --print-errors "gio-2.0"
configure:5501: $? = 0
configure:5515: $PKG_CONFIG --exists --print-errors "gio-2.0"
configure:5518: $? = 0
configure:5556: result: yes
configure:5788: checking for stdio.h
configure:5788: gcc -c -g -O2  conftest.c >&5
configure:5788: $? = 0
configure:5788: result: yes
configure:5788: checking for stdlib.h
configure:5788: gcc -c -g -O2  conftest.c >&5
configure:5788: $? = 0
configure:5788: result: yes
configure:5788: checking for string.h
configure:5788: gcc -c -g -O2  conftest.c >&5
configure:5788: $? = 0
configure:5788: result: yes
configure:5788: checking for inttypes.h
configure:5788: gcc -c -g -O2  conftest.c >&5
configure:5788: $? = 0
configure:5788: result: yes
configure:5788: checking for stdint.h
configure:5788: gcc -c -g -O2  conftest.c >&5
configure:5788: $? = 0
configure:5788: result: yes
configure:5788: checking for strings.h
configure:5788: gcc -c -g -O2  conftest.c >&5
configure:5788: $? = 0
configure:5788: result: yes
configure:5788: checking for sys/stat.h
configure:5788: gcc -c -g -O2  conftest.c >&5
configure:5788: $? = 0
configure:5788: result: yes
configure:5788: checking for sys/types.h
configure:5788: gcc -c -g -O2  conftest.c >&5
configure:5788: $? = 0
configure:5788: result: yes
configure:5788: checking for unistd.h
configure:5788: gcc -c -g -O2  conftest.c >&5
configure:5788: $? = 0
configure:5788: result: yes
configure:5814: checking for locale.h
configure:5814: gcc -c -g -O2  conftest.c >&5
configure:5814: $? = 0
configure:5814: result: yes
configure:5822: checking for LC_MESSAGES
configure:5839: gcc -o conftest -g -O2   conftest.c  >&5
configure:5839: $? = 0
configure:5848: result: yes
configure:5866: checking for CFPreferencesCopyAppValue
configure:5885: gcc -o conftest -g -O2   conftest.c  -Wl,-framework -Wl,CoreFoundation >&5
conftest.c:26:10: fatal error: CoreFoundation/CFPreferences.h: No such file or directory
   26 | #include <CoreFoundation/CFPreferences.h>
      |          ^~~~~~~~~~~~~~~~~~~~~~~~~~~~~~~~
compilation terminated.
configure:5885: $? = 1
configure: failed program was:
| /* confdefs.h */
| #define PACKAGE_NAME "YAD"
| #define PACKAGE_TARNAME "yad"
| #define PACKAGE_VERSION "0.40.0"
| #define PACKAGE_STRING "YAD 0.40.0"
| #define PACKAGE_BUGREPORT "https://sourceforge.net/p/yad-dialog/tickets/"
| #define PACKAGE_URL "https://sourceforge.net/projects/yad-dialog/"
| #define PACKAGE "yad"
| #define VERSION "0.40.0"
| #define RGB_FILE "/etc/X11/rgb.txt"
| #define HAVE_GIO 1
| #define GETTEXT_PACKAGE "yad"
| #define HAVE_STDIO_H 1
| #define HAVE_STDLIB_H 1
| #define HAVE_STRING_H 1
| #define HAVE_INTTYPES_H 1
| #define HAVE_STDINT_H 1
| #define HAVE_STRINGS_H 1
| #define HAVE_SYS_STAT_H 1
| #define HAVE_SYS_TYPES_H 1
| #define HAVE_UNISTD_H 1
| #define STDC_HEADERS 1
| #define HAVE_LOCALE_H 1
| #define HAVE_LC_MESSAGES 1
| /* end confdefs.h.  */
| #include <CoreFoundation/CFPreferences.h>
| int
| main (void)
| {
| CFPreferencesCopyAppValue(NULL, NULL)
|   ;
|   return 0;
| }
configure:5895: result: no
configure:5902: checking for CFLocaleCopyCurrent
configure:5921: gcc -o conftest -g -O2   conftest.c  -Wl,-framework -Wl,CoreFoundation >&5
conftest.c:26:10: fatal error: CoreFoundation/CFLocale.h: No such file or directory
   26 | #include <CoreFoundation/CFLocale.h>
      |          ^~~~~~~~~~~~~~~~~~~~~~~~~~~
compilation terminated.
configure:5921: $? = 1
configure: failed program was:
| /* confdefs.h */
| #define PACKAGE_NAME "YAD"
| #define PACKAGE_TARNAME "yad"
| #define PACKAGE_VERSION "0.40.0"
| #define PACKAGE_STRING "YAD 0.40.0"
| #define PACKAGE_BUGREPORT "https://sourceforge.net/p/yad-dialog/tickets/"
| #define PACKAGE_URL "https://sourceforge.net/projects/yad-dialog/"
| #define PACKAGE "yad"
| #define VERSION "0.40.0"
| #define RGB_FILE "/etc/X11/rgb.txt"
| #define HAVE_GIO 1
| #define GETTEXT_PACKAGE "yad"
| #define HAVE_STDIO_H 1
| #define HAVE_STDLIB_H 1
| #define HAVE_STRING_H 1
| #define HAVE_INTTYPES_H 1
| #define HAVE_STDINT_H 1
| #define HAVE_STRINGS_H 1
| #define HAVE_SYS_STAT_H 1
| #define HAVE_SYS_TYPES_H 1
| #define HAVE_UNISTD_H 1
| #define STDC_HEADERS 1
| #define HAVE_LOCALE_H 1
| #define HAVE_LC_MESSAGES 1
| /* end confdefs.h.  */
| #include <CoreFoundation/CFLocale.h>
| int
| main (void)
| {
| CFLocaleCopyCurrent();
|   ;
|   return 0;
| }
configure:5931: result: no
configure:5945: checking for libintl.h
configure:5945: gcc -c -g -O2  conftest.c >&5
configure:5945: $? = 0
configure:5945: result: yes
configure:5954: checking for ngettext in libc
configure:5973: gcc -o conftest -g -O2   conftest.c  >&5
configure:5973: $? = 0
configure:5983: result: yes
configure:5987: checking for dgettext in libc
configure:6006: gcc -o conftest -g -O2   conftest.c  >&5
configure:6006: $? = 0
configure:6016: result: yes
configure:6021: checking for bind_textdomain_codeset
configure:6021: gcc -o conftest -g -O2   conftest.c  >&5
configure:6021: $? = 0
configure:6021: result: yes
configure:6291: checking for msgfmt
configure:6319: result: /usr/bin/msgfmt
configure:6328: checking for dcgettext
configure:6328: gcc -o conftest -g -O2   conftest.c   >&5
conftest.c:44:6: warning: conflicting types for built-in function 'dcgettext'; expected 'char *(const char *, const char *, int)' [-Wbuiltin-declaration-mismatch]
   44 | char dcgettext ();
      |      ^~~~~~~~~
configure:6328: $? = 0
configure:6328: result: yes
configure:6336: checking if msgfmt accepts -c
configure:6351: $MSGFMT -c -o /dev/null conftest.foo
conftest.foo:3: warning: header field 'Language' missing in header
configure:6354: $? = 0
configure:6356: result: yes
configure:6366: checking for gmsgfmt
configure:6402: result: /usr/bin/msgfmt
configure:6412: checking for xgettext
configure:6440: result: /usr/bin/xgettext
configure:6459: gcc -o conftest -g -O2   conftest.c   >&5
configure:6459: $? = 0
configure:6712: checking that generated files are newer than configure
configure:6718: result: done
configure:6757: creating ./config.status

## ---------------------- ##
## Running config.status. ##
## ---------------------- ##

This file was extended by YAD config.status 0.40.0, which was
generated by GNU Autoconf 2.71.  Invocation command line was

  CONFIG_FILES    = 
  CONFIG_HEADERS  = 
  CONFIG_LINKS    = 
  CONFIG_COMMANDS = 
  $ ./config.status 

on simswap

config.status:967: creating Makefile
config.status:967: creating po/Makefile.in
config.status:967: creating src/Makefile
config.status:967: creating data/Makefile
config.status:967: creating data/icons/Makefile
config.status:967: creating data/icons/16x16/Makefile
config.status:967: creating data/icons/24x24/Makefile
config.status:967: creating data/icons/32x32/Makefile
config.status:967: creating data/icons/48x48/Makefile
config.status:967: creating data/icons/96x96/Makefile
config.status:967: creating data/icons/128x128/Makefile
config.status:967: creating data/yad.m4
config.status:967: creating data/yad.spec
config.status:967: creating config.h
config.status:1196: executing depfiles commands
config.status:1273: cd src       && sed -e '/# am--include-marker/d' Makefile         | make -f - am--depfiles
config.status:1278: $? = 0
config.status:1196: executing default-1 commands
config.status:1196: executing po/stamp-it commands

## ---------------- ##
## Cache variables. ##
## ---------------- ##

ac_cv_c_compiler_gnu=yes
ac_cv_env_CC_set=
ac_cv_env_CC_value=
ac_cv_env_CFLAGS_set=
ac_cv_env_CFLAGS_value=
ac_cv_env_CPPFLAGS_set=
ac_cv_env_CPPFLAGS_value=
ac_cv_env_GIO_CFLAGS_set=
ac_cv_env_GIO_CFLAGS_value=
ac_cv_env_GIO_LIBS_set=
ac_cv_env_GIO_LIBS_value=
ac_cv_env_GTK_CFLAGS_set=
ac_cv_env_GTK_CFLAGS_value=
ac_cv_env_GTK_LIBS_set=
ac_cv_env_GTK_LIBS_value=
ac_cv_env_HTML_CFLAGS_set=
ac_cv_env_HTML_CFLAGS_value=
ac_cv_env_HTML_LIBS_set=
ac_cv_env_HTML_LIBS_value=
ac_cv_env_LDFLAGS_set=
ac_cv_env_LDFLAGS_value=
ac_cv_env_LIBS_set=
ac_cv_env_LIBS_value=
ac_cv_env_PKG_CONFIG_LIBDIR_set=
ac_cv_env_PKG_CONFIG_LIBDIR_value=
ac_cv_env_PKG_CONFIG_PATH_set=
ac_cv_env_PKG_CONFIG_PATH_value=
ac_cv_env_PKG_CONFIG_set=
ac_cv_env_PKG_CONFIG_value=
ac_cv_env_SOURCEVIEW_CFLAGS_set=
ac_cv_env_SOURCEVIEW_CFLAGS_value=
ac_cv_env_SOURCEVIEW_LIBS_set=
ac_cv_env_SOURCEVIEW_LIBS_value=
ac_cv_env_SPELL_CFLAGS_set=
ac_cv_env_SPELL_CFLAGS_value=
ac_cv_env_SPELL_LIBS_set=
ac_cv_env_SPELL_LIBS_value=
ac_cv_env_build_alias_set=
ac_cv_env_build_alias_value=
ac_cv_env_host_alias_set=
ac_cv_env_host_alias_value=
ac_cv_env_target_alias_set=
ac_cv_env_target_alias_value=
ac_cv_func_bind_textdomain_codeset=yes
ac_cv_func_dcgettext=yes
ac_cv_header_inttypes_h=yes
ac_cv_header_libintl_h=yes
ac_cv_header_locale_h=yes
ac_cv_header_stdint_h=yes
ac_cv_header_stdio_h=yes
ac_cv_header_stdlib_h=yes
ac_cv_header_string_h=yes
ac_cv_header_strings_h=yes
ac_cv_header_sys_stat_h=yes
ac_cv_header_sys_types_h=yes
ac_cv_header_unistd_h=yes
ac_cv_objext=o
ac_cv_path_GMSGFMT=/usr/bin/msgfmt
ac_cv_path_INTLTOOL_EXTRACT=/usr/bin/intltool-extract
ac_cv_path_INTLTOOL_MERGE=/usr/bin/intltool-merge
ac_cv_path_INTLTOOL_PERL=/usr/bin/perl
ac_cv_path_INTLTOOL_UPDATE=/usr/bin/intltool-update
ac_cv_path_MSGFMT=/usr/bin/msgfmt
ac_cv_path_MSGMERGE=/usr/bin/msgmerge
ac_cv_path_XGETTEXT=/usr/bin/xgettext
ac_cv_path_ac_pt_PKG_CONFIG=/usr/bin/pkg-config
ac_cv_path_install='/usr/bin/install -c'
ac_cv_path_mkdir=/bin/mkdir
ac_cv_prog_AWK=gawk
ac_cv_prog_ac_ct_CC=gcc
ac_cv_prog_cc_c11=
ac_cv_prog_cc_g=yes
ac_cv_prog_cc_stdc=
ac_cv_prog_make_make_set=yes
am_cv_CC_dependencies_compiler_type=gcc3
am_cv_make_support_nested_variables=yes
am_cv_prog_cc_c_o=yes
am_cv_val_LC_MESSAGES=yes
gt_cv_func_CFLocaleCopyCurrent=no
gt_cv_func_CFPreferencesCopyAppValue=no
gt_cv_func_dgettext_libc=yes
gt_cv_func_dgettext_libintl=no
gt_cv_func_ngettext_libc=yes
gt_cv_have_gettext=yes
pkg_cv_GIO_CFLAGS='-I/usr/include/glib-2.0 -I/usr/lib/i386-linux-gnu/glib-2.0/include -pthread -I/usr/include/libmount -I/usr/include/blkid '
pkg_cv_GIO_LIBS='-lgio-2.0 -lgobject-2.0 -lglib-2.0 '
pkg_cv_GTK_CFLAGS='-I/usr/include/gtk-2.0 -I/usr/lib/i386-linux-gnu/gtk-2.0/include -I/usr/include/pango-1.0 -I/usr/include/glib-2.0 -I/usr/lib/i386-linux-gnu/glib-2.0/include -I/usr/include/harfbuzz -I/usr/include/freetype2 -I/usr/include/libpng16 -I/usr/include/libmount -I/usr/include/blkid -I/usr/include/fribidi -I/usr/include/cairo -I/usr/include/pixman-1 -I/usr/include/gdk-pixbuf-2.0 -I/usr/include/i386-linux-gnu -I/usr/include/atk-1.0 -I/usr/include/gtk-unix-print-2.0 -pthread '
pkg_cv_GTK_LIBS='-lgtk-x11-2.0 -lgdk-x11-2.0 -lpangocairo-1.0 -latk-1.0 -lcairo -lgdk_pixbuf-2.0 -lgio-2.0 -lpangoft2-1.0 -lpango-1.0 -lgobject-2.0 -lglib-2.0 -lharfbuzz -lfontconfig -lfreetype '

## ----------------- ##
## Output variables. ##
## ----------------- ##

ACLOCAL='${SHELL} '\''/home/tf/ice2ksrc/yad-0.40.0/build/missing'\'' aclocal-1.16'
ALL_LINGUAS=''
AMDEPBACKSLASH='\'
AMDEP_FALSE='#'
AMDEP_TRUE=''
AMTAR='$${TAR-tar}'
AM_BACKSLASH='\'
AM_CFLAGS=''
AM_CPPFLAGS=''
AM_DEFAULT_V='$(AM_DEFAULT_VERBOSITY)'
AM_DEFAULT_VERBOSITY='0'
AM_LDFLAGS=''
AM_V='$(V)'
AUTOCONF='${SHELL} '\''/home/tf/ice2ksrc/yad-0.40.0/build/missing'\'' autoconf'
AUTOHEADER='${SHELL} '\''/home/tf/ice2ksrc/yad-0.40.0/build/missing'\'' autoheader'
AUTOMAKE='${SHELL} '\''/home/tf/ice2ksrc/yad-0.40.0/build/missing'\'' automake-1.16'
AWK='gawk'
BUILD_IB_FALSE=''
BUILD_IB_TRUE='#'
CATALOGS=''
CATOBJEXT='.gmo'
CC='gcc'
CCDEPMODE='depmode=gcc3'
CFLAGS='-g -O2'
CPPFLAGS=''
CSCOPE='cscope'
CTAGS='ctags'
CYGPATH_W='echo'
DATADIRNAME='share'
DEFS='-DHAVE_CONFIG_H'
DEPDIR='.deps'
DISABLE_DEPRECATED=''
ECHO_C=''
ECHO_N='-n'
ECHO_T=''
ETAGS='etags'
EXEEXT=''
GETTEXT_PACKAGE='yad'
GIO_CFLAGS='-I/usr/include/glib-2.0 -I/usr/lib/i386-linux-gnu/glib-2.0/include -pthread -I/usr/include/libmount -I/usr/include/blkid '
GIO_LIBS='-lgio-2.0 -lgobject-2.0 -lglib-2.0 '
GMOFILES=''
GMSGFMT='/usr/bin/msgfmt'
GTK_CFLAGS='-I/usr/include/gtk-2.0 -I/usr/lib/i386-linux-gnu/gtk-2.0/include -I/usr/include/pango-1.0 -I/usr/include/glib-2.0 -I/usr/lib/i386-linux-gnu/glib-2.0/include -I/usr/include/harfbuzz -I/usr/include/freetype2 -I/usr/include/libpng16 -I/usr/include/libmount -I/usr/include/blkid -I/usr/include/fribidi -I/usr/include/cairo -I/usr/include/pixman-1 -I/usr/include/gdk-pixbuf-2.0 -I/usr/include/i386-linux-gnu -I/usr/include/atk-1.0 -I/usr/include/gtk-unix-print-2.0 -pthread '
GTK_LIBS='-lgtk-x11-2.0 -lgdk-x11-2.0 -lpangocairo-1.0 -latk-1.0 -lcairo -lgdk_pixbuf-2.0 -lgio-2.0 -lpangoft2-1.0 -lpango-1.0 -lgobject-2.0 -lglib-2.0 -lharfbuzz -lfontconfig -lfreetype '
HTML_CFLAGS=''
HTML_FALSE=''
HTML_LIBS=''
HTML_TRUE='#'
INSTALL_DATA='${INSTALL} -m 644'
INSTALL_PROGRAM='${INSTALL}'
INSTALL_SCRIPT='${INSTALL}'
INSTALL_STRIP_PROGRAM='$(install_sh) -c -s'
INSTOBJEXT='.mo'
INTLLIBS=''
INTLTOOL_CAVES_RULE='%.caves:     %.caves.in     $(INTLTOOL_MERGE) $(wildcard $(top_srcdir)/po/*.po) ; $(INTLTOOL_V_MERGE)LC_ALL=C $(INTLTOOL_MERGE) $(INTLTOOL_V_MERGE_OPTIONS) -d -u -c $(top_builddir)/po/.intltool-merge-cache $(top_srcdir)/po $< $@'
INTLTOOL_DESKTOP_RULE='%.desktop:   %.desktop.in   $(INTLTOOL_MERGE) $(wildcard $(top_srcdir)/po/*.po) ; $(INTLTOOL_V_MERGE)LC_ALL=C $(INTLTOOL_MERGE) $(INTLTOOL_V_MERGE_OPTIONS) -d -u -c $(top_builddir)/po/.intltool-merge-cache $(top_srcdir)/po $< $@'
INTLTOOL_DIRECTORY_RULE='%.directory: %.directory.in $(INTLTOOL_MERGE) $(wildcard $(top_srcdir)/po/*.po) ; $(INTLTOOL_V_MERGE)LC_ALL=C $(INTLTOOL_MERGE) $(INTLTOOL_V_MERGE_OPTIONS) -d -u -c $(top_builddir)/po/.intltool-merge-cache $(top_srcdir)/po $< $@'
INTLTOOL_EXTRACT='/usr/bin/intltool-extract'
INTLTOOL_KBD_RULE='%.kbd:       %.kbd.in       $(INTLTOOL_MERGE) $(wildcard $(top_srcdir)/po/*.po) ; $(INTLTOOL_V_MERGE)LC_ALL=C $(INTLTOOL_MERGE) $(INTLTOOL_V_MERGE_OPTIONS) -x -u -m -c $(top_builddir)/po/.intltool-merge-cache $(top_srcdir)/po $< $@'
INTLTOOL_KEYS_RULE='%.keys:      %.keys.in      $(INTLTOOL_MERGE) $(wildcard $(top_srcdir)/po/*.po) ; $(INTLTOOL_V_MERGE)LC_ALL=C $(INTLTOOL_MERGE) $(INTLTOOL_V_MERGE_OPTIONS) -k -u -c $(top_builddir)/po/.intltool-merge-cache $(top_srcdir)/po $< $@'
INTLTOOL_MERGE='/usr/bin/intltool-merge'
INTLTOOL_OAF_RULE='%.oaf:       %.oaf.in       $(INTLTOOL_MERGE) $(wildcard $(top_srcdir)/po/*.po) ; $(INTLTOOL_V_MERGE)LC_ALL=C $(INTLTOOL_MERGE) $(INTLTOOL_V_MERGE_OPTIONS) -o -p $(top_srcdir)/po $< $@'
INTLTOOL_PERL='/usr/bin/perl'
INTLTOOL_POLICY_RULE='%.policy:    %.policy.in    $(INTLTOOL_MERGE) $(wildcard $(top_srcdir)/po/*.po) ; $(INTLTOOL_V_MERGE)LC_ALL=C $(INTLTOOL_MERGE) $(INTLTOOL_V_MERGE_OPTIONS) -x -u -c $(top_builddir)/po/.intltool-merge-cache $(top_srcdir)/po $< $@'
INTLTOOL_PONG_RULE='%.pong:      %.pong.in      $(INTLTOOL_MERGE) $(wildcard $(top_srcdir)/po/*.po) ; $(INTLTOOL_V_MERGE)LC_ALL=C $(INTLTOOL_MERGE) $(INTLTOOL_V_MERGE_OPTIONS) -x -u -c $(top_builddir)/po/.intltool-merge-cache $(top_srcdir)/po $< $@'
INTLTOOL_PROP_RULE='%.prop:      %.prop.in      $(INTLTOOL_MERGE) $(wildcard $(top_srcdir)/po/*.po) ; $(INTLTOOL_V_MERGE)LC_ALL=C $(INTLTOOL_MERGE) $(INTLTOOL_V_MERGE_OPTIONS) -d -u -c $(top_builddir)/po/.intltool-merge-cache $(top_srcdir)/po $< $@'
INTLTOOL_SCHEMAS_RULE='%.schemas:   %.schemas.in   $(INTLTOOL_MERGE) $(wildcard $(top_srcdir)/po/*.po) ; $(INTLTOOL_V_MERGE)LC_ALL=C $(INTLTOOL_MERGE) $(INTLTOOL_V_MERGE_OPTIONS) -s -u -c $(top_builddir)/po/.intltool-merge-cache $(top_srcdir)/po $< $@'
INTLTOOL_SERVER_RULE='%.server:    %.server.in    $(INTLTOOL_MERGE) $(wildcard $(top_srcdir)/po/*.po) ; $(INTLTOOL_V_MERGE)LC_ALL=C $(INTLTOOL_MERGE) $(INTLTOOL_V_MERGE_OPTIONS) -o -u -c $(top_builddir)/po/.intltool-merge-cache $(top_srcdir)/po $< $@'
INTLTOOL_SERVICE_RULE='%.service: %.service.in   $(INTLTOOL_MERGE) $(wildcard $(top_srcdir)/po/*.po) ; $(INTLTOOL_V_MERGE)LC_ALL=C $(INTLTOOL_MERGE) $(INTLTOOL_V_MERGE_OPTIONS) -d -u -c $(top_builddir)/po/.intltool-merge-cache $(top_srcdir)/po $< $@'
INTLTOOL_SHEET_RULE='%.sheet:     %.sheet.in     $(INTLTOOL_MERGE) $(wildcard $(top_srcdir)/po/*.po) ; $(INTLTOOL_V_MERGE)LC_ALL=C $(INTLTOOL_MERGE) $(INTLTOOL_V_MERGE_OPTIONS) -x -u -c $(top_builddir)/po/.intltool-merge-cache $(top_srcdir)/po $< $@'
INTLTOOL_SOUNDLIST_RULE='%.soundlist: %.soundlist.in $(INTLTOOL_MERGE) $(wildcard $(top_srcdir)/po/*.po) ; $(INTLTOOL_V_MERGE)LC_ALL=C $(INTLTOOL_MERGE) $(INTLTOOL_V_MERGE_OPTIONS) -d -u -c $(top_builddir)/po/.intltool-merge-cache $(top_srcdir)/po $< $@'
INTLTOOL_THEME_RULE='%.theme:     %.theme.in     $(INTLTOOL_MERGE) $(wildcard $(top_srcdir)/po/*.po) ; $(INTLTOOL_V_MERGE)LC_ALL=C $(INTLTOOL_MERGE) $(INTLTOOL_V_MERGE_OPTIONS) -d -u -c $(top_builddir)/po/.intltool-merge-cache $(top_srcdir)/po $< $@'
INTLTOOL_UI_RULE='%.ui:        %.ui.in        $(INTLTOOL_MERGE) $(wildcard $(top_srcdir)/po/*.po) ; $(INTLTOOL_V_MERGE)LC_ALL=C $(INTLTOOL_MERGE) $(INTLTOOL_V_MERGE_OPTIONS) -x -u -c $(top_builddir)/po/.intltool-merge-cache $(top_srcdir)/po $< $@'
INTLTOOL_UPDATE='/usr/bin/intltool-update'
INTLTOOL_V_MERGE='$(INTLTOOL__v_MERGE_$(V))'
INTLTOOL_V_MERGE_OPTIONS='$(intltool__v_merge_options_$(V))'
INTLTOOL_XAM_RULE='%.xam:       %.xml.in       $(INTLTOOL_MERGE) $(wildcard $(top_srcdir)/po/*.po) ; $(INTLTOOL_V_MERGE)LC_ALL=C $(INTLTOOL_MERGE) $(INTLTOOL_V_MERGE_OPTIONS) -x -u -c $(top_builddir)/po/.intltool-merge-cache $(top_srcdir)/po $< $@'
INTLTOOL_XML_NOMERGE_RULE='%.xml:       %.xml.in       $(INTLTOOL_MERGE) ; $(INTLTOOL_V_MERGE)LC_ALL=C $(INTLTOOL_MERGE) $(INTLTOOL_V_MERGE_OPTIONS) -x -u --no-translations $< $@'
INTLTOOL_XML_RULE='%.xml:       %.xml.in       $(INTLTOOL_MERGE) $(wildcard $(top_srcdir)/po/*.po) ; $(INTLTOOL_V_MERGE)LC_ALL=C $(INTLTOOL_MERGE) $(INTLTOOL_V_MERGE_OPTIONS) -x -u -c $(top_builddir)/po/.intltool-merge-cache $(top_srcdir)/po $< $@'
INTLTOOL__v_MERGE_0='@echo "  ITMRG " $@;'
INTLTOOL__v_MERGE_='$(INTLTOOL__v_MERGE_$(AM_DEFAULT_VERBOSITY))'
INTL_MACOSX_LIBS=''
LDFLAGS=''
LIBOBJS=''
LIBS=''
LTLIBOBJS=''
MAINT='#'
MAINTAINER_MODE_FALSE=''
MAINTAINER_MODE_TRUE='#'
MAKEINFO='${SHELL} '\''/home/tf/ice2ksrc/yad-0.40.0/build/missing'\'' makeinfo'
MKDIR_P='/bin/mkdir -p'
MKINSTALLDIRS='./build//mkinstalldirs'
MSGFMT='/usr/bin/msgfmt'
MSGFMT_OPTS='-c'
MSGMERGE='/usr/bin/msgmerge'
OBJEXT='o'
PACKAGE='yad'
PACKAGE_BUGREPORT='https://sourceforge.net/p/yad-dialog/tickets/'
PACKAGE_NAME='YAD'
PACKAGE_STRING='YAD 0.40.0'
PACKAGE_TARNAME='yad'
PACKAGE_URL='https://sourceforge.net/projects/yad-dialog/'
PACKAGE_VERSION='0.40.0'
PATH_SEPARATOR=':'
PKG_CONFIG='/usr/bin/pkg-config'
PKG_CONFIG_LIBDIR=''
PKG_CONFIG_PATH=''
POFILES=''
POSUB='po'
PO_IN_DATADIR_FALSE=''
PO_IN_DATADIR_TRUE=''
SET_MAKE=''
SHELL='/bin/bash'
SOURCEVIEW_CFLAGS=''
SOURCEVIEW_LIBS=''
SPELL_CFLAGS=''
SPELL_LIBS=''
STRIP=''
USE_NLS='yes'
VERSION='0.40.0'
XGETTEXT='/usr/bin/xgettext'
ac_ct_CC='gcc'
am__EXEEXT_FALSE=''
am__EXEEXT_TRUE='#'
am__fastdepCC_FALSE='#'
am__fastdepCC_TRUE=''
am__include='include'
am__isrc=''
am__leading_dot='.'
am__nodep='_no'
am__quote=''
am__tar='$${TAR-tar} chof - "$$tardir"'
am__untar='$${TAR-tar} xf -'
bindir='${exec_prefix}/bin'
build_alias=''
datadir='${datarootdir}'
datarootdir='${prefix}/share'
docdir='${datarootdir}/doc/${PACKAGE_TARNAME}'
dvidir='${docdir}'
exec_prefix='${prefix}'
host_alias=''
htmldir='${docdir}'
includedir='${prefix}/include'
infodir='${datarootdir}/info'
install_sh='${SHELL} /home/tf/ice2ksrc/yad-0.40.0/build/install-sh'
intltool__v_merge_options_0='-q'
intltool__v_merge_options_='$(intltool__v_merge_options_$(AM_DEFAULT_VERBOSITY))'
libdir='${exec_prefix}/lib'
libexecdir='${exec_prefix}/libexec'
localedir='${datarootdir}/locale'
localstatedir='${prefix}/var'
mandir='${datarootdir}/man'
mkdir_p='$(MKDIR_P)'
oldincludedir='/usr/include'
pdfdir='${docdir}'
prefix='/usr/local'
program_transform_name='s,x,x,'
psdir='${docdir}'
runstatedir='${localstatedir}/run'
sbindir='${exec_prefix}/sbin'
sharedstatedir='${prefix}/com'
sysconfdir='${prefix}/etc'
target_alias=''

## ----------- ##
## confdefs.h. ##
## ----------- ##

/* confdefs.h */
#define PACKAGE_NAME "YAD"
#define PACKAGE_TARNAME "yad"
#define PACKAGE_VERSION "0.40.0"
#define PACKAGE_STRING "YAD 0.40.0"
#define PACKAGE_BUGREPORT "https://sourceforge.net/p/yad-dialog/tickets/"
#define PACKAGE_URL "https://sourceforge.net/projects/yad-dialog/"
#define PACKAGE "yad"
#define VERSION "0.40.0"
#define RGB_FILE "/etc/X11/rgb.txt"
#define HAVE_GIO 1
#define GETTEXT_PACKAGE "yad"
#define HAVE_STDIO_H 1
#define HAVE_STDLIB_H 1
#define HAVE_STRING_H 1
#define HAVE_INTTYPES_H 1
#define HAVE_STDINT_H 1
#define HAVE_STRINGS_H 1
#define HAVE_SYS_STAT_H 1
#define HAVE_SYS_TYPES_H 1
#define HAVE_UNISTD_H 1
#define STDC_HEADERS 1
#define HAVE_LOCALE_H 1
#define HAVE_LC_MESSAGES 1
#define HAVE_BIND_TEXTDOMAIN_CODESET 1
#define HAVE_GETTEXT 1
#define HAVE_DCGETTEXT 1
#define ENABLE_NLS 1

configure: exit 0
