This file contains any messages produced by compilers while
running configure, to aid debugging if configure makes a mistake.

It was created by YAD configure 0.40.0, which was
generated by GNU Autoconf 2.69.  Invocation command line was

  $ ../configure --with-gtk=gtk2 --enable-icon-browser --disable-gio

## --------- ##
## Platform. ##
## --------- ##

hostname = based-pc
uname -m = x86_64
uname -r = 6.1.7-x64v3-xanmod1
uname -s = Linux
uname -v = #0~20230118.a4fbffc SMP PREEMPT_DYNAMIC Wed Jan 18 23:47:06 UTC 

/usr/bin/uname -p = unknown
/bin/uname -X     = unknown

/bin/arch              = unknown
/usr/bin/arch -k       = unknown
/usr/convex/getsysinfo = unknown
/usr/bin/hostinfo      = unknown
/bin/machine           = unknown
/usr/bin/oslevel       = unknown
/bin/universe          = unknown

PATH: /usr/local/bin
PATH: /opt/trinity/bin
PATH: /usr/bin
PATH: /bin
PATH: /usr/local/games
PATH: /opt/trinity/games
PATH: /usr/games


## ----------- ##
## Core tests. ##
## ----------- ##

configure:2321: checking for a BSD-compatible install
configure:2389: result: /usr/bin/install -c
configure:2400: checking whether build environment is sane
configure:2455: result: yes
configure:2606: checking for a thread-safe mkdir -p
configure:2645: result: /bin/mkdir -p
configure:2652: checking for gawk
configure:2668: found /usr/bin/gawk
configure:2679: result: gawk
configure:2690: checking whether make sets $(MAKE)
configure:2712: result: yes
configure:2741: checking whether make supports nested variables
configure:2758: result: yes
configure:2895: checking whether make supports nested variables
configure:2912: result: yes
configure:2931: checking whether to enable maintainer-specific portions of Makefiles
configure:2940: result: no
configure:2955: checking whether NLS is requested
configure:2964: result: yes
configure:2982: checking for intltool >= 0.40.0
configure:2984: result: 0.51.0 found
configure:2992: checking for intltool-update
configure:3010: found /usr/bin/intltool-update
configure:3022: result: /usr/bin/intltool-update
configure:3032: checking for intltool-merge
configure:3050: found /usr/bin/intltool-merge
configure:3062: result: /usr/bin/intltool-merge
configure:3072: checking for intltool-extract
configure:3090: found /usr/bin/intltool-extract
configure:3102: result: /usr/bin/intltool-extract
configure:3256: checking for xgettext
configure:3274: found /usr/bin/xgettext
configure:3286: result: /usr/bin/xgettext
configure:3296: checking for msgmerge
configure:3314: found /usr/bin/msgmerge
configure:3326: result: /usr/bin/msgmerge
configure:3336: checking for msgfmt
configure:3354: found /usr/bin/msgfmt
configure:3366: result: /usr/bin/msgfmt
configure:3376: checking for gmsgfmt
configure:3407: result: /usr/bin/msgfmt
configure:3427: checking for perl
configure:3445: found /usr/bin/perl
configure:3457: result: /usr/bin/perl
configure:3468: checking for perl >= 5.8.1
configure:3475: result: 5.32.1
configure:3479: checking for XML::Parser
configure:3482: result: ok
configure:3544: checking for gcc
configure:3560: found /usr/bin/gcc
configure:3571: result: gcc
configure:3800: checking for C compiler version
configure:3809: gcc --version >&5
gcc (Debian 10.2.1-6) 10.2.1 20210110
Copyright (C) 2020 Free Software Foundation, Inc.
This is free software; see the source for copying conditions.  There is NO
warranty; not even for MERCHANTABILITY or FITNESS FOR A PARTICULAR PURPOSE.

configure:3820: $? = 0
configure:3809: gcc -v >&5
Using built-in specs.
COLLECT_GCC=gcc
COLLECT_LTO_WRAPPER=/usr/lib/gcc/x86_64-linux-gnu/10/lto-wrapper
OFFLOAD_TARGET_NAMES=nvptx-none:amdgcn-amdhsa:hsa
OFFLOAD_TARGET_DEFAULT=1
Target: x86_64-linux-gnu
Configured with: ../src/configure -v --with-pkgversion='Debian 10.2.1-6' --with-bugurl=file:///usr/share/doc/gcc-10/README.Bugs --enable-languages=c,ada,c++,go,brig,d,fortran,objc,obj-c++,m2 --prefix=/usr --with-gcc-major-version-only --program-suffix=-10 --program-prefix=x86_64-linux-gnu- --enable-shared --enable-linker-build-id --libexecdir=/usr/lib --without-included-gettext --enable-threads=posix --libdir=/usr/lib --enable-nls --enable-bootstrap --enable-clocale=gnu --enable-libstdcxx-debug --enable-libstdcxx-time=yes --with-default-libstdcxx-abi=new --enable-gnu-unique-object --disable-vtable-verify --enable-plugin --enable-default-pie --with-system-zlib --enable-libphobos-checking=release --with-target-system-zlib=auto --enable-objc-gc=auto --enable-multiarch --disable-werror --with-arch-32=i686 --with-abi=m64 --with-multilib-list=m32,m64,mx32 --enable-multilib --with-tune=generic --enable-offload-targets=nvptx-none=/build/gcc-10-Km9U7s/gcc-10-10.2.1/debian/tmp-nvptx/usr,amdgcn-amdhsa=/build/gcc-10-Km9U7s/gcc-10-10.2.1/debian/tmp-gcn/usr,hsa --without-cuda-driver --enable-checking=release --build=x86_64-linux-gnu --host=x86_64-linux-gnu --target=x86_64-linux-gnu --with-build-config=bootstrap-lto-lean --enable-link-mutex
Thread model: posix
Supported LTO compression algorithms: zlib zstd
gcc version 10.2.1 20210110 (Debian 10.2.1-6) 
... rest of stderr output deleted ...
configure:3820: $? = 0
configure:3809: gcc -V >&5
gcc: error: unrecognized command-line option '-V'
gcc: fatal error: no input files
compilation terminated.
configure:3820: $? = 1
configure:3809: gcc -qversion >&5
gcc: error: unrecognized command-line option '-qversion'; did you mean '--version'?
gcc: fatal error: no input files
compilation terminated.
configure:3820: $? = 1
configure:3840: checking whether the C compiler works
configure:3862: gcc    conftest.c  >&5
configure:3866: $? = 0
configure:3914: result: yes
configure:3917: checking for C compiler default output file name
configure:3919: result: a.out
configure:3925: checking for suffix of executables
configure:3932: gcc -o conftest    conftest.c  >&5
configure:3936: $? = 0
configure:3958: result: 
configure:3980: checking whether we are cross compiling
configure:3988: gcc -o conftest    conftest.c  >&5
configure:3992: $? = 0
configure:3999: ./conftest
configure:4003: $? = 0
configure:4018: result: no
configure:4023: checking for suffix of object files
configure:4045: gcc -c   conftest.c >&5
configure:4049: $? = 0
configure:4070: result: o
configure:4074: checking whether we are using the GNU C compiler
configure:4093: gcc -c   conftest.c >&5
configure:4093: $? = 0
configure:4102: result: yes
configure:4111: checking whether gcc accepts -g
configure:4131: gcc -c -g  conftest.c >&5
configure:4131: $? = 0
configure:4172: result: yes
configure:4189: checking for gcc option to accept ISO C89
configure:4252: gcc  -c -g -O2  conftest.c >&5
configure:4252: $? = 0
configure:4265: result: none needed
configure:4290: checking whether gcc understands -c and -o together
configure:4312: gcc -c conftest.c -o conftest2.o
configure:4315: $? = 0
configure:4312: gcc -c conftest.c -o conftest2.o
configure:4315: $? = 0
configure:4327: result: yes
configure:4355: checking for style of include used by make
configure:4383: result: GNU
configure:4409: checking dependency style of gcc
configure:4520: result: gcc3
configure:4620: checking for pkg-config
configure:4638: found /usr/bin/pkg-config
configure:4650: result: /usr/bin/pkg-config
configure:4675: checking pkg-config is at least version 0.9.0
configure:4678: result: yes
configure:4688: checking for gtk+-2.0 >= 2.16.0 gtk+-unix-print-2.0
configure:4695: $PKG_CONFIG --exists --print-errors "$GTK_MODULE >= $GTK_REQUIRED $GTK_PRINT"
configure:4698: $? = 0
configure:4712: $PKG_CONFIG --exists --print-errors "$GTK_MODULE >= $GTK_REQUIRED $GTK_PRINT"
configure:4715: $? = 0
configure:4773: result: yes
configure:4824: checking for webkit-1.0
configure:4831: $PKG_CONFIG --exists --print-errors "$WEBKIT"
Package webkit-1.0 was not found in the pkg-config search path.
Perhaps you should add the directory containing `webkit-1.0.pc'
to the PKG_CONFIG_PATH environment variable
No package 'webkit-1.0' found
configure:4834: $? = 1
configure:4848: $PKG_CONFIG --exists --print-errors "$WEBKIT"
Package webkit-1.0 was not found in the pkg-config search path.
Perhaps you should add the directory containing `webkit-1.0.pc'
to the PKG_CONFIG_PATH environment variable
No package 'webkit-1.0' found
configure:4851: $? = 1
configure:4865: result: no
No package 'webkit-1.0' found
configure:5220: checking how to run the C preprocessor
configure:5251: gcc -E  conftest.c
configure:5251: $? = 0
configure:5265: gcc -E  conftest.c
conftest.c:13:10: fatal error: ac_nonexistent.h: No such file or directory
   13 | #include <ac_nonexistent.h>
      |          ^~~~~~~~~~~~~~~~~~
compilation terminated.
configure:5265: $? = 1
configure: failed program was:
| /* confdefs.h */
| #define PACKAGE_NAME "YAD"
| #define PACKAGE_TARNAME "yad"
| #define PACKAGE_VERSION "0.40.0"
| #define PACKAGE_STRING "YAD 0.40.0"
| #define PACKAGE_BUGREPORT "https://sourceforge.net/p/yad-dialog/tickets/"
| #define PACKAGE_URL "https://sourceforge.net/projects/yad-dialog/"
| #define PACKAGE "yad"
| #define VERSION "0.40.0"
| #define RGB_FILE "/etc/X11/rgb.txt"
| #define GETTEXT_PACKAGE "yad"
| /* end confdefs.h.  */
| #include <ac_nonexistent.h>
configure:5290: result: gcc -E
configure:5310: gcc -E  conftest.c
configure:5310: $? = 0
configure:5324: gcc -E  conftest.c
conftest.c:13:10: fatal error: ac_nonexistent.h: No such file or directory
   13 | #include <ac_nonexistent.h>
      |          ^~~~~~~~~~~~~~~~~~
compilation terminated.
configure:5324: $? = 1
configure: failed program was:
| /* confdefs.h */
| #define PACKAGE_NAME "YAD"
| #define PACKAGE_TARNAME "yad"
| #define PACKAGE_VERSION "0.40.0"
| #define PACKAGE_STRING "YAD 0.40.0"
| #define PACKAGE_BUGREPORT "https://sourceforge.net/p/yad-dialog/tickets/"
| #define PACKAGE_URL "https://sourceforge.net/projects/yad-dialog/"
| #define PACKAGE "yad"
| #define VERSION "0.40.0"
| #define RGB_FILE "/etc/X11/rgb.txt"
| #define GETTEXT_PACKAGE "yad"
| /* end confdefs.h.  */
| #include <ac_nonexistent.h>
configure:5353: checking for grep that handles long lines and -e
configure:5411: result: /bin/grep
configure:5416: checking for egrep
configure:5478: result: /bin/grep -E
configure:5483: checking for ANSI C header files
configure:5503: gcc -c -g -O2  conftest.c >&5
configure:5503: $? = 0
configure:5576: gcc -o conftest -g -O2   conftest.c  >&5
configure:5576: $? = 0
configure:5576: ./conftest
configure:5576: $? = 0
configure:5587: result: yes
configure:5600: checking for sys/types.h
configure:5600: gcc -c -g -O2  conftest.c >&5
configure:5600: $? = 0
configure:5600: result: yes
configure:5600: checking for sys/stat.h
configure:5600: gcc -c -g -O2  conftest.c >&5
configure:5600: $? = 0
configure:5600: result: yes
configure:5600: checking for stdlib.h
configure:5600: gcc -c -g -O2  conftest.c >&5
configure:5600: $? = 0
configure:5600: result: yes
configure:5600: checking for string.h
configure:5600: gcc -c -g -O2  conftest.c >&5
configure:5600: $? = 0
configure:5600: result: yes
configure:5600: checking for memory.h
configure:5600: gcc -c -g -O2  conftest.c >&5
configure:5600: $? = 0
configure:5600: result: yes
configure:5600: checking for strings.h
configure:5600: gcc -c -g -O2  conftest.c >&5
configure:5600: $? = 0
configure:5600: result: yes
configure:5600: checking for inttypes.h
configure:5600: gcc -c -g -O2  conftest.c >&5
configure:5600: $? = 0
configure:5600: result: yes
configure:5600: checking for stdint.h
configure:5600: gcc -c -g -O2  conftest.c >&5
configure:5600: $? = 0
configure:5600: result: yes
configure:5600: checking for unistd.h
configure:5600: gcc -c -g -O2  conftest.c >&5
configure:5600: $? = 0
configure:5600: result: yes
configure:5615: checking locale.h usability
configure:5615: gcc -c -g -O2  conftest.c >&5
configure:5615: $? = 0
configure:5615: result: yes
configure:5615: checking locale.h presence
configure:5615: gcc -E  conftest.c
configure:5615: $? = 0
configure:5615: result: yes
configure:5615: checking for locale.h
configure:5615: result: yes
configure:5626: checking for LC_MESSAGES
configure:5642: gcc -o conftest -g -O2   conftest.c  >&5
configure:5642: $? = 0
configure:5650: result: yes
configure:5668: checking for CFPreferencesCopyAppValue
configure:5686: gcc -o conftest -g -O2   conftest.c  -Wl,-framework -Wl,CoreFoundation >&5
conftest.c:25:10: fatal error: CoreFoundation/CFPreferences.h: No such file or directory
   25 | #include <CoreFoundation/CFPreferences.h>
      |          ^~~~~~~~~~~~~~~~~~~~~~~~~~~~~~~~
compilation terminated.
configure:5686: $? = 1
configure: failed program was:
| /* confdefs.h */
| #define PACKAGE_NAME "YAD"
| #define PACKAGE_TARNAME "yad"
| #define PACKAGE_VERSION "0.40.0"
| #define PACKAGE_STRING "YAD 0.40.0"
| #define PACKAGE_BUGREPORT "https://sourceforge.net/p/yad-dialog/tickets/"
| #define PACKAGE_URL "https://sourceforge.net/projects/yad-dialog/"
| #define PACKAGE "yad"
| #define VERSION "0.40.0"
| #define RGB_FILE "/etc/X11/rgb.txt"
| #define GETTEXT_PACKAGE "yad"
| #define STDC_HEADERS 1
| #define HAVE_SYS_TYPES_H 1
| #define HAVE_SYS_STAT_H 1
| #define HAVE_STDLIB_H 1
| #define HAVE_STRING_H 1
| #define HAVE_MEMORY_H 1
| #define HAVE_STRINGS_H 1
| #define HAVE_INTTYPES_H 1
| #define HAVE_STDINT_H 1
| #define HAVE_UNISTD_H 1
| #define HAVE_LOCALE_H 1
| #define HAVE_LC_MESSAGES 1
| /* end confdefs.h.  */
| #include <CoreFoundation/CFPreferences.h>
| int
| main ()
| {
| CFPreferencesCopyAppValue(NULL, NULL)
|   ;
|   return 0;
| }
configure:5695: result: no
configure:5702: checking for CFLocaleCopyCurrent
configure:5720: gcc -o conftest -g -O2   conftest.c  -Wl,-framework -Wl,CoreFoundation >&5
conftest.c:25:10: fatal error: CoreFoundation/CFLocale.h: No such file or directory
   25 | #include <CoreFoundation/CFLocale.h>
      |          ^~~~~~~~~~~~~~~~~~~~~~~~~~~
compilation terminated.
configure:5720: $? = 1
configure: failed program was:
| /* confdefs.h */
| #define PACKAGE_NAME "YAD"
| #define PACKAGE_TARNAME "yad"
| #define PACKAGE_VERSION "0.40.0"
| #define PACKAGE_STRING "YAD 0.40.0"
| #define PACKAGE_BUGREPORT "https://sourceforge.net/p/yad-dialog/tickets/"
| #define PACKAGE_URL "https://sourceforge.net/projects/yad-dialog/"
| #define PACKAGE "yad"
| #define VERSION "0.40.0"
| #define RGB_FILE "/etc/X11/rgb.txt"
| #define GETTEXT_PACKAGE "yad"
| #define STDC_HEADERS 1
| #define HAVE_SYS_TYPES_H 1
| #define HAVE_SYS_STAT_H 1
| #define HAVE_STDLIB_H 1
| #define HAVE_STRING_H 1
| #define HAVE_MEMORY_H 1
| #define HAVE_STRINGS_H 1
| #define HAVE_INTTYPES_H 1
| #define HAVE_STDINT_H 1
| #define HAVE_UNISTD_H 1
| #define HAVE_LOCALE_H 1
| #define HAVE_LC_MESSAGES 1
| /* end confdefs.h.  */
| #include <CoreFoundation/CFLocale.h>
| int
| main ()
| {
| CFLocaleCopyCurrent();
|   ;
|   return 0;
| }
configure:5729: result: no
configure:5743: checking libintl.h usability
configure:5743: gcc -c -g -O2  conftest.c >&5
configure:5743: $? = 0
configure:5743: result: yes
configure:5743: checking libintl.h presence
configure:5743: gcc -E  conftest.c
configure:5743: $? = 0
configure:5743: result: yes
configure:5743: checking for libintl.h
configure:5743: result: yes
configure:5751: checking for ngettext in libc
configure:5769: gcc -o conftest -g -O2   conftest.c  >&5
configure:5769: $? = 0
configure:5778: result: yes
configure:5782: checking for dgettext in libc
configure:5800: gcc -o conftest -g -O2   conftest.c  >&5
configure:5800: $? = 0
configure:5809: result: yes
configure:5816: checking for bind_textdomain_codeset
configure:5816: gcc -o conftest -g -O2   conftest.c  >&5
configure:5816: $? = 0
configure:5816: result: yes
configure:6092: checking for msgfmt
configure:6119: result: /usr/bin/msgfmt
configure:6130: checking for dcgettext
configure:6130: gcc -o conftest -g -O2   conftest.c   >&5
conftest.c:50:6: warning: conflicting types for built-in function 'dcgettext'; expected 'char *(const char *, const char *, int)' [-Wbuiltin-declaration-mismatch]
   50 | char dcgettext ();
      |      ^~~~~~~~~
configure:6130: $? = 0
configure:6130: result: yes
configure:6140: checking if msgfmt accepts -c
configure:6155: $MSGFMT -c -o /dev/null conftest.foo
conftest.foo:3: warning: header field 'Language' missing in header
configure:6158: $? = 0
configure:6160: result: yes
configure:6170: checking for gmsgfmt
configure:6201: result: /usr/bin/msgfmt
configure:6211: checking for xgettext
configure:6238: result: /usr/bin/xgettext
configure:6257: gcc -o conftest -g -O2   conftest.c   >&5
configure:6257: $? = 0
configure:6509: checking that generated files are newer than configure
configure:6515: result: done
configure:6554: creating ./config.status

## ---------------------- ##
## Running config.status. ##
## ---------------------- ##

This file was extended by YAD config.status 0.40.0, which was
generated by GNU Autoconf 2.69.  Invocation command line was

  CONFIG_FILES    = 
  CONFIG_HEADERS  = 
  CONFIG_LINKS    = 
  CONFIG_COMMANDS = 
  $ ./config.status 

on based-pc

config.status:972: creating Makefile
config.status:972: creating po/Makefile.in
config.status:972: creating src/Makefile
config.status:972: creating data/Makefile
config.status:972: creating data/icons/Makefile
config.status:972: creating data/icons/16x16/Makefile
config.status:972: creating data/icons/24x24/Makefile
config.status:972: creating data/icons/32x32/Makefile
config.status:972: creating data/icons/48x48/Makefile
config.status:972: creating data/icons/96x96/Makefile
config.status:972: creating data/icons/128x128/Makefile
config.status:972: creating data/yad.m4
config.status:972: creating data/yad.spec
config.status:972: creating config.h
config.status:1186: executing depfiles commands
config.status:1186: executing default-1 commands
config.status:1186: executing po/stamp-it commands

## ---------------- ##
## Cache variables. ##
## ---------------- ##

ac_cv_c_compiler_gnu=yes
ac_cv_env_CC_set=
ac_cv_env_CC_value=
ac_cv_env_CFLAGS_set=
ac_cv_env_CFLAGS_value=
ac_cv_env_CPPFLAGS_set=
ac_cv_env_CPPFLAGS_value=
ac_cv_env_CPP_set=
ac_cv_env_CPP_value=
ac_cv_env_GIO_CFLAGS_set=
ac_cv_env_GIO_CFLAGS_value=
ac_cv_env_GIO_LIBS_set=
ac_cv_env_GIO_LIBS_value=
ac_cv_env_GTK_CFLAGS_set=
ac_cv_env_GTK_CFLAGS_value=
ac_cv_env_GTK_LIBS_set=
ac_cv_env_GTK_LIBS_value=
ac_cv_env_HTML_CFLAGS_set=
ac_cv_env_HTML_CFLAGS_value=
ac_cv_env_HTML_LIBS_set=
ac_cv_env_HTML_LIBS_value=
ac_cv_env_LDFLAGS_set=
ac_cv_env_LDFLAGS_value=
ac_cv_env_LIBS_set=
ac_cv_env_LIBS_value=
ac_cv_env_PKG_CONFIG_LIBDIR_set=
ac_cv_env_PKG_CONFIG_LIBDIR_value=
ac_cv_env_PKG_CONFIG_PATH_set=
ac_cv_env_PKG_CONFIG_PATH_value=
ac_cv_env_PKG_CONFIG_set=
ac_cv_env_PKG_CONFIG_value=
ac_cv_env_SOURCEVIEW_CFLAGS_set=
ac_cv_env_SOURCEVIEW_CFLAGS_value=
ac_cv_env_SOURCEVIEW_LIBS_set=
ac_cv_env_SOURCEVIEW_LIBS_value=
ac_cv_env_SPELL_CFLAGS_set=
ac_cv_env_SPELL_CFLAGS_value=
ac_cv_env_SPELL_LIBS_set=
ac_cv_env_SPELL_LIBS_value=
ac_cv_env_build_alias_set=
ac_cv_env_build_alias_value=
ac_cv_env_host_alias_set=
ac_cv_env_host_alias_value=
ac_cv_env_target_alias_set=
ac_cv_env_target_alias_value=
ac_cv_func_bind_textdomain_codeset=yes
ac_cv_func_dcgettext=yes
ac_cv_header_inttypes_h=yes
ac_cv_header_libintl_h=yes
ac_cv_header_locale_h=yes
ac_cv_header_memory_h=yes
ac_cv_header_stdc=yes
ac_cv_header_stdint_h=yes
ac_cv_header_stdlib_h=yes
ac_cv_header_string_h=yes
ac_cv_header_strings_h=yes
ac_cv_header_sys_stat_h=yes
ac_cv_header_sys_types_h=yes
ac_cv_header_unistd_h=yes
ac_cv_objext=o
ac_cv_path_EGREP='/bin/grep -E'
ac_cv_path_GMSGFMT=/usr/bin/msgfmt
ac_cv_path_GREP=/bin/grep
ac_cv_path_INTLTOOL_EXTRACT=/usr/bin/intltool-extract
ac_cv_path_INTLTOOL_MERGE=/usr/bin/intltool-merge
ac_cv_path_INTLTOOL_PERL=/usr/bin/perl
ac_cv_path_INTLTOOL_UPDATE=/usr/bin/intltool-update
ac_cv_path_MSGFMT=/usr/bin/msgfmt
ac_cv_path_MSGMERGE=/usr/bin/msgmerge
ac_cv_path_XGETTEXT=/usr/bin/xgettext
ac_cv_path_ac_pt_PKG_CONFIG=/usr/bin/pkg-config
ac_cv_path_install='/usr/bin/install -c'
ac_cv_path_mkdir=/bin/mkdir
ac_cv_prog_AWK=gawk
ac_cv_prog_CPP='gcc -E'
ac_cv_prog_ac_ct_CC=gcc
ac_cv_prog_cc_c89=
ac_cv_prog_cc_g=yes
ac_cv_prog_make_make_set=yes
am_cv_CC_dependencies_compiler_type=gcc3
am_cv_make_support_nested_variables=yes
am_cv_prog_cc_c_o=yes
am_cv_val_LC_MESSAGES=yes
gt_cv_func_CFLocaleCopyCurrent=no
gt_cv_func_CFPreferencesCopyAppValue=no
gt_cv_func_dgettext_libc=yes
gt_cv_func_dgettext_libintl=no
gt_cv_func_ngettext_libc=yes
gt_cv_have_gettext=yes
pkg_cv_GTK_CFLAGS='-pthread -I/usr/include/gtk-2.0 -I/usr/include/gtk-unix-print-2.0 -I/usr/include/gtk-2.0 -I/usr/lib/x86_64-linux-gnu/gtk-2.0/include -I/usr/include/pango-1.0 -I/usr/include/atk-1.0 -I/usr/include/gdk-pixbuf-2.0 -I/usr/include/pango-1.0 -I/usr/include/libmount -I/usr/include/blkid -I/usr/include/fribidi -I/usr/include/cairo -I/usr/include/pixman-1 -I/usr/include/harfbuzz -I/usr/include/glib-2.0 -I/usr/lib/x86_64-linux-gnu/glib-2.0/include -I/usr/include/uuid -I/usr/include/freetype2 -I/usr/include/libpng16'
pkg_cv_GTK_LIBS='-lgtk-x11-2.0 -lgdk-x11-2.0 -lpangocairo-1.0 -latk-1.0 -lcairo -lgdk_pixbuf-2.0 -lgio-2.0 -lpangoft2-1.0 -lpango-1.0 -lgobject-2.0 -lglib-2.0 -lharfbuzz -lfontconfig -lfreetype'

## ----------------- ##
## Output variables. ##
## ----------------- ##

ACLOCAL='${SHELL} /home/tf/yadsrc/yad-0.40.0/build/missing aclocal'
ALL_LINGUAS=''
AMDEPBACKSLASH='\'
AMDEP_FALSE='#'
AMDEP_TRUE=''
AMTAR='$${TAR-tar}'
AM_BACKSLASH='\'
AM_CFLAGS=''
AM_CPPFLAGS=''
AM_DEFAULT_V='$(AM_DEFAULT_VERBOSITY)'
AM_DEFAULT_VERBOSITY='0'
AM_LDFLAGS=''
AM_V='$(V)'
AUTOCONF='${SHELL} /home/tf/yadsrc/yad-0.40.0/build/missing autoconf'
AUTOHEADER='${SHELL} /home/tf/yadsrc/yad-0.40.0/build/missing autoheader'
AUTOMAKE='${SHELL} /home/tf/yadsrc/yad-0.40.0/build/missing automake'
AWK='gawk'
BUILD_IB_FALSE='#'
BUILD_IB_TRUE=''
CATALOGS=''
CATOBJEXT='.gmo'
CC='gcc'
CCDEPMODE='depmode=gcc3'
CFLAGS='-g -O2'
CPP='gcc -E'
CPPFLAGS=''
CYGPATH_W='echo'
DATADIRNAME='share'
DEFS='-DHAVE_CONFIG_H'
DEPDIR='.deps'
DISABLE_DEPRECATED=''
ECHO_C=''
ECHO_N='-n'
ECHO_T=''
EGREP='/bin/grep -E'
EXEEXT=''
GETTEXT_PACKAGE='yad'
GIO_CFLAGS=''
GIO_LIBS=''
GMOFILES=''
GMSGFMT='/usr/bin/msgfmt'
GREP='/bin/grep'
GTK_CFLAGS='-pthread -I/usr/include/gtk-2.0 -I/usr/include/gtk-unix-print-2.0 -I/usr/include/gtk-2.0 -I/usr/lib/x86_64-linux-gnu/gtk-2.0/include -I/usr/include/pango-1.0 -I/usr/include/atk-1.0 -I/usr/include/gdk-pixbuf-2.0 -I/usr/include/pango-1.0 -I/usr/include/libmount -I/usr/include/blkid -I/usr/include/fribidi -I/usr/include/cairo -I/usr/include/pixman-1 -I/usr/include/harfbuzz -I/usr/include/glib-2.0 -I/usr/lib/x86_64-linux-gnu/glib-2.0/include -I/usr/include/uuid -I/usr/include/freetype2 -I/usr/include/libpng16'
GTK_LIBS='-lgtk-x11-2.0 -lgdk-x11-2.0 -lpangocairo-1.0 -latk-1.0 -lcairo -lgdk_pixbuf-2.0 -lgio-2.0 -lpangoft2-1.0 -lpango-1.0 -lgobject-2.0 -lglib-2.0 -lharfbuzz -lfontconfig -lfreetype'
HTML_CFLAGS=''
HTML_FALSE=''
HTML_LIBS=''
HTML_TRUE='#'
INSTALL_DATA='${INSTALL} -m 644'
INSTALL_PROGRAM='${INSTALL}'
INSTALL_SCRIPT='${INSTALL}'
INSTALL_STRIP_PROGRAM='$(install_sh) -c -s'
INSTOBJEXT='.mo'
INTLLIBS=''
INTLTOOL_CAVES_RULE='%.caves:     %.caves.in     $(INTLTOOL_MERGE) $(wildcard $(top_srcdir)/po/*.po) ; $(INTLTOOL_V_MERGE)LC_ALL=C $(INTLTOOL_MERGE) $(INTLTOOL_V_MERGE_OPTIONS) -d -u -c $(top_builddir)/po/.intltool-merge-cache $(top_srcdir)/po $< $@'
INTLTOOL_DESKTOP_RULE='%.desktop:   %.desktop.in   $(INTLTOOL_MERGE) $(wildcard $(top_srcdir)/po/*.po) ; $(INTLTOOL_V_MERGE)LC_ALL=C $(INTLTOOL_MERGE) $(INTLTOOL_V_MERGE_OPTIONS) -d -u -c $(top_builddir)/po/.intltool-merge-cache $(top_srcdir)/po $< $@'
INTLTOOL_DIRECTORY_RULE='%.directory: %.directory.in $(INTLTOOL_MERGE) $(wildcard $(top_srcdir)/po/*.po) ; $(INTLTOOL_V_MERGE)LC_ALL=C $(INTLTOOL_MERGE) $(INTLTOOL_V_MERGE_OPTIONS) -d -u -c $(top_builddir)/po/.intltool-merge-cache $(top_srcdir)/po $< $@'
INTLTOOL_EXTRACT='/usr/bin/intltool-extract'
INTLTOOL_KBD_RULE='%.kbd:       %.kbd.in       $(INTLTOOL_MERGE) $(wildcard $(top_srcdir)/po/*.po) ; $(INTLTOOL_V_MERGE)LC_ALL=C $(INTLTOOL_MERGE) $(INTLTOOL_V_MERGE_OPTIONS) -x -u -m -c $(top_builddir)/po/.intltool-merge-cache $(top_srcdir)/po $< $@'
INTLTOOL_KEYS_RULE='%.keys:      %.keys.in      $(INTLTOOL_MERGE) $(wildcard $(top_srcdir)/po/*.po) ; $(INTLTOOL_V_MERGE)LC_ALL=C $(INTLTOOL_MERGE) $(INTLTOOL_V_MERGE_OPTIONS) -k -u -c $(top_builddir)/po/.intltool-merge-cache $(top_srcdir)/po $< $@'
INTLTOOL_MERGE='/usr/bin/intltool-merge'
INTLTOOL_OAF_RULE='%.oaf:       %.oaf.in       $(INTLTOOL_MERGE) $(wildcard $(top_srcdir)/po/*.po) ; $(INTLTOOL_V_MERGE)LC_ALL=C $(INTLTOOL_MERGE) $(INTLTOOL_V_MERGE_OPTIONS) -o -p $(top_srcdir)/po $< $@'
INTLTOOL_PERL='/usr/bin/perl'
INTLTOOL_POLICY_RULE='%.policy:    %.policy.in    $(INTLTOOL_MERGE) $(wildcard $(top_srcdir)/po/*.po) ; $(INTLTOOL_V_MERGE)LC_ALL=C $(INTLTOOL_MERGE) $(INTLTOOL_V_MERGE_OPTIONS) -x -u -c $(top_builddir)/po/.intltool-merge-cache $(top_srcdir)/po $< $@'
INTLTOOL_PONG_RULE='%.pong:      %.pong.in      $(INTLTOOL_MERGE) $(wildcard $(top_srcdir)/po/*.po) ; $(INTLTOOL_V_MERGE)LC_ALL=C $(INTLTOOL_MERGE) $(INTLTOOL_V_MERGE_OPTIONS) -x -u -c $(top_builddir)/po/.intltool-merge-cache $(top_srcdir)/po $< $@'
INTLTOOL_PROP_RULE='%.prop:      %.prop.in      $(INTLTOOL_MERGE) $(wildcard $(top_srcdir)/po/*.po) ; $(INTLTOOL_V_MERGE)LC_ALL=C $(INTLTOOL_MERGE) $(INTLTOOL_V_MERGE_OPTIONS) -d -u -c $(top_builddir)/po/.intltool-merge-cache $(top_srcdir)/po $< $@'
INTLTOOL_SCHEMAS_RULE='%.schemas:   %.schemas.in   $(INTLTOOL_MERGE) $(wildcard $(top_srcdir)/po/*.po) ; $(INTLTOOL_V_MERGE)LC_ALL=C $(INTLTOOL_MERGE) $(INTLTOOL_V_MERGE_OPTIONS) -s -u -c $(top_builddir)/po/.intltool-merge-cache $(top_srcdir)/po $< $@'
INTLTOOL_SERVER_RULE='%.server:    %.server.in    $(INTLTOOL_MERGE) $(wildcard $(top_srcdir)/po/*.po) ; $(INTLTOOL_V_MERGE)LC_ALL=C $(INTLTOOL_MERGE) $(INTLTOOL_V_MERGE_OPTIONS) -o -u -c $(top_builddir)/po/.intltool-merge-cache $(top_srcdir)/po $< $@'
INTLTOOL_SERVICE_RULE='%.service: %.service.in   $(INTLTOOL_MERGE) $(wildcard $(top_srcdir)/po/*.po) ; $(INTLTOOL_V_MERGE)LC_ALL=C $(INTLTOOL_MERGE) $(INTLTOOL_V_MERGE_OPTIONS) -d -u -c $(top_builddir)/po/.intltool-merge-cache $(top_srcdir)/po $< $@'
INTLTOOL_SHEET_RULE='%.sheet:     %.sheet.in     $(INTLTOOL_MERGE) $(wildcard $(top_srcdir)/po/*.po) ; $(INTLTOOL_V_MERGE)LC_ALL=C $(INTLTOOL_MERGE) $(INTLTOOL_V_MERGE_OPTIONS) -x -u -c $(top_builddir)/po/.intltool-merge-cache $(top_srcdir)/po $< $@'
INTLTOOL_SOUNDLIST_RULE='%.soundlist: %.soundlist.in $(INTLTOOL_MERGE) $(wildcard $(top_srcdir)/po/*.po) ; $(INTLTOOL_V_MERGE)LC_ALL=C $(INTLTOOL_MERGE) $(INTLTOOL_V_MERGE_OPTIONS) -d -u -c $(top_builddir)/po/.intltool-merge-cache $(top_srcdir)/po $< $@'
INTLTOOL_THEME_RULE='%.theme:     %.theme.in     $(INTLTOOL_MERGE) $(wildcard $(top_srcdir)/po/*.po) ; $(INTLTOOL_V_MERGE)LC_ALL=C $(INTLTOOL_MERGE) $(INTLTOOL_V_MERGE_OPTIONS) -d -u -c $(top_builddir)/po/.intltool-merge-cache $(top_srcdir)/po $< $@'
INTLTOOL_UI_RULE='%.ui:        %.ui.in        $(INTLTOOL_MERGE) $(wildcard $(top_srcdir)/po/*.po) ; $(INTLTOOL_V_MERGE)LC_ALL=C $(INTLTOOL_MERGE) $(INTLTOOL_V_MERGE_OPTIONS) -x -u -c $(top_builddir)/po/.intltool-merge-cache $(top_srcdir)/po $< $@'
INTLTOOL_UPDATE='/usr/bin/intltool-update'
INTLTOOL_V_MERGE='$(INTLTOOL__v_MERGE_$(V))'
INTLTOOL_V_MERGE_OPTIONS='$(intltool__v_merge_options_$(V))'
INTLTOOL_XAM_RULE='%.xam:       %.xml.in       $(INTLTOOL_MERGE) $(wildcard $(top_srcdir)/po/*.po) ; $(INTLTOOL_V_MERGE)LC_ALL=C $(INTLTOOL_MERGE) $(INTLTOOL_V_MERGE_OPTIONS) -x -u -c $(top_builddir)/po/.intltool-merge-cache $(top_srcdir)/po $< $@'
INTLTOOL_XML_NOMERGE_RULE='%.xml:       %.xml.in       $(INTLTOOL_MERGE) ; $(INTLTOOL_V_MERGE)LC_ALL=C $(INTLTOOL_MERGE) $(INTLTOOL_V_MERGE_OPTIONS) -x -u --no-translations $< $@'
INTLTOOL_XML_RULE='%.xml:       %.xml.in       $(INTLTOOL_MERGE) $(wildcard $(top_srcdir)/po/*.po) ; $(INTLTOOL_V_MERGE)LC_ALL=C $(INTLTOOL_MERGE) $(INTLTOOL_V_MERGE_OPTIONS) -x -u -c $(top_builddir)/po/.intltool-merge-cache $(top_srcdir)/po $< $@'
INTLTOOL__v_MERGE_0='@echo "  ITMRG " $@;'
INTLTOOL__v_MERGE_='$(INTLTOOL__v_MERGE_$(AM_DEFAULT_VERBOSITY))'
INTL_MACOSX_LIBS=''
LDFLAGS=''
LIBOBJS=''
LIBS=''
LTLIBOBJS=''
MAINT='#'
MAINTAINER_MODE_FALSE=''
MAINTAINER_MODE_TRUE='#'
MAKEINFO='${SHELL} /home/tf/yadsrc/yad-0.40.0/build/missing makeinfo'
MKDIR_P='/bin/mkdir -p'
MKINSTALLDIRS='../build/mkinstalldirs'
MSGFMT='/usr/bin/msgfmt'
MSGFMT_OPTS='-c'
MSGMERGE='/usr/bin/msgmerge'
OBJEXT='o'
PACKAGE='yad'
PACKAGE_BUGREPORT='https://sourceforge.net/p/yad-dialog/tickets/'
PACKAGE_NAME='YAD'
PACKAGE_STRING='YAD 0.40.0'
PACKAGE_TARNAME='yad'
PACKAGE_URL='https://sourceforge.net/projects/yad-dialog/'
PACKAGE_VERSION='0.40.0'
PATH_SEPARATOR=':'
PKG_CONFIG='/usr/bin/pkg-config'
PKG_CONFIG_LIBDIR=''
PKG_CONFIG_PATH=''
POFILES=''
POSUB='po'
PO_IN_DATADIR_FALSE=''
PO_IN_DATADIR_TRUE=''
SET_MAKE=''
SHELL='/bin/bash'
SOURCEVIEW_CFLAGS=''
SOURCEVIEW_LIBS=''
SPELL_CFLAGS=''
SPELL_LIBS=''
STRIP=''
USE_NLS='yes'
VERSION='0.40.0'
XGETTEXT='/usr/bin/xgettext'
ac_ct_CC='gcc'
am__EXEEXT_FALSE=''
am__EXEEXT_TRUE='#'
am__fastdepCC_FALSE='#'
am__fastdepCC_TRUE=''
am__include='include'
am__isrc=' -I$(srcdir)'
am__leading_dot='.'
am__nodep='_no'
am__quote=''
am__tar='$${TAR-tar} chof - "$$tardir"'
am__untar='$${TAR-tar} xf -'
bindir='${exec_prefix}/bin'
build_alias=''
datadir='${datarootdir}'
datarootdir='${prefix}/share'
docdir='${datarootdir}/doc/${PACKAGE_TARNAME}'
dvidir='${docdir}'
exec_prefix='${prefix}'
host_alias=''
htmldir='${docdir}'
includedir='${prefix}/include'
infodir='${datarootdir}/info'
install_sh='${SHELL} /home/tf/yadsrc/yad-0.40.0/build/install-sh'
intltool__v_merge_options_0='-q'
intltool__v_merge_options_='$(intltool__v_merge_options_$(AM_DEFAULT_VERBOSITY))'
libdir='${exec_prefix}/lib'
libexecdir='${exec_prefix}/libexec'
localedir='${datarootdir}/locale'
localstatedir='${prefix}/var'
mandir='${datarootdir}/man'
mkdir_p='$(MKDIR_P)'
oldincludedir='/usr/include'
pdfdir='${docdir}'
prefix='/usr/local'
program_transform_name='s,x,x,'
psdir='${docdir}'
sbindir='${exec_prefix}/sbin'
sharedstatedir='${prefix}/com'
sysconfdir='${prefix}/etc'
target_alias=''

## ----------- ##
## confdefs.h. ##
## ----------- ##

/* confdefs.h */
#define PACKAGE_NAME "YAD"
#define PACKAGE_TARNAME "yad"
#define PACKAGE_VERSION "0.40.0"
#define PACKAGE_STRING "YAD 0.40.0"
#define PACKAGE_BUGREPORT "https://sourceforge.net/p/yad-dialog/tickets/"
#define PACKAGE_URL "https://sourceforge.net/projects/yad-dialog/"
#define PACKAGE "yad"
#define VERSION "0.40.0"
#define RGB_FILE "/etc/X11/rgb.txt"
#define GETTEXT_PACKAGE "yad"
#define STDC_HEADERS 1
#define HAVE_SYS_TYPES_H 1
#define HAVE_SYS_STAT_H 1
#define HAVE_STDLIB_H 1
#define HAVE_STRING_H 1
#define HAVE_MEMORY_H 1
#define HAVE_STRINGS_H 1
#define HAVE_INTTYPES_H 1
#define HAVE_STDINT_H 1
#define HAVE_UNISTD_H 1
#define HAVE_LOCALE_H 1
#define HAVE_LC_MESSAGES 1
#define HAVE_BIND_TEXTDOMAIN_CODESET 1
#define HAVE_GETTEXT 1
#define HAVE_DCGETTEXT 1
#define ENABLE_NLS 1

configure: exit 0
